WIDTH: 500
[0] - X: -1.000000, Y: -0.660000
[1] - X: -1.000000, Y: -0.657360
[2] - X: -1.000000, Y: -0.654720
[3] - X: -1.000000, Y: -0.652080
[4] - X: -1.000000, Y: -0.649440
[5] - X: -1.000000, Y: -0.646800
[6] - X: -1.000000, Y: -0.644160
[7] - X: -1.000000, Y: -0.641520
[8] - X: -1.000000, Y: -0.638880
[9] - X: -1.000000, Y: -0.636240
[10] - X: -1.000000, Y: -0.633600
[11] - X: -1.000000, Y: -0.630960
[12] - X: -1.000000, Y: -0.628320
[13] - X: -1.000000, Y: -0.625680
[14] - X: -1.000000, Y: -0.623040
[15] - X: -1.000000, Y: -0.620400
[16] - X: -1.000000, Y: -0.617760
[17] - X: -1.000000, Y: -0.615120
[18] - X: -1.000000, Y: -0.612480
[19] - X: -1.000000, Y: -0.609840
[20] - X: -1.000000, Y: -0.607200
[21] - X: -1.000000, Y: -0.604560
[22] - X: -1.000000, Y: -0.601920
[23] - X: -1.000000, Y: -0.599280
[24] - X: -1.000000, Y: -0.596640
[25] - X: -1.000000, Y: -0.594000
[26] - X: -1.000000, Y: -0.591360
[27] - X: -1.000000, Y: -0.588720
[28] - X: -1.000000, Y: -0.586080
[29] - X: -1.000000, Y: -0.583440
[30] - X: -1.000000, Y: -0.580800
[31] - X: -1.000000, Y: -0.578160
[32] - X: -1.000000, Y: -0.575520
[33] - X: -1.000000, Y: -0.572880
[34] - X: -1.000000, Y: -0.570240
[35] - X: -1.000000, Y: -0.567600
[36] - X: -1.000000, Y: -0.564960
[37] - X: -1.000000, Y: -0.562320
[38] - X: -1.000000, Y: -0.559680
[39] - X: -1.000000, Y: -0.557040
[40] - X: -1.000000, Y: -0.554400
[41] - X: -1.000000, Y: -0.551760
[42] - X: -1.000000, Y: -0.549120
[43] - X: -1.000000, Y: -0.546480
[44] - X: -1.000000, Y: -0.543840
[45] - X: -1.000000, Y: -0.541200
[46] - X: -1.000000, Y: -0.538560
[47] - X: -1.000000, Y: -0.535920
[48] - X: -1.000000, Y: -0.533280
[49] - X: -1.000000, Y: -0.530640
[50] - X: -1.000000, Y: -0.528000
[51] - X: -1.000000, Y: -0.525360
[52] - X: -1.000000, Y: -0.522720
[53] - X: -1.000000, Y: -0.520080
[54] - X: -1.000000, Y: -0.517440
[55] - X: -1.000000, Y: -0.514800
[56] - X: -1.000000, Y: -0.512160
[57] - X: -1.000000, Y: -0.509520
[58] - X: -1.000000, Y: -0.506880
[59] - X: -1.000000, Y: -0.504240
[60] - X: -1.000000, Y: -0.501600
[61] - X: -1.000000, Y: -0.498960
[62] - X: -1.000000, Y: -0.496320
[63] - X: -1.000000, Y: -0.493680
[64] - X: -1.000000, Y: -0.491040
[65] - X: -1.000000, Y: -0.488400
[66] - X: -1.000000, Y: -0.485760
[67] - X: -1.000000, Y: -0.483120
[68] - X: -1.000000, Y: -0.480480
[69] - X: -1.000000, Y: -0.477840
[70] - X: -1.000000, Y: -0.475200
[71] - X: -1.000000, Y: -0.472560
[72] - X: -1.000000, Y: -0.469920
[73] - X: -1.000000, Y: -0.467280
[74] - X: -1.000000, Y: -0.464640
[75] - X: -1.000000, Y: -0.462000
[76] - X: -1.000000, Y: -0.459360
[77] - X: -1.000000, Y: -0.456720
[78] - X: -1.000000, Y: -0.454080
[79] - X: -1.000000, Y: -0.451440
[80] - X: -1.000000, Y: -0.448800
[81] - X: -1.000000, Y: -0.446160
[82] - X: -1.000000, Y: -0.443520
[83] - X: -1.000000, Y: -0.440880
[84] - X: -1.000000, Y: -0.438240
[85] - X: -1.000000, Y: -0.435600
[86] - X: -1.000000, Y: -0.432960
[87] - X: -1.000000, Y: -0.430320
[88] - X: -1.000000, Y: -0.427680
[89] - X: -1.000000, Y: -0.425040
[90] - X: -1.000000, Y: -0.422400
[91] - X: -1.000000, Y: -0.419760
[92] - X: -1.000000, Y: -0.417120
[93] - X: -1.000000, Y: -0.414480
[94] - X: -1.000000, Y: -0.411840
[95] - X: -1.000000, Y: -0.409200
[96] - X: -1.000000, Y: -0.406560
[97] - X: -1.000000, Y: -0.403920
[98] - X: -1.000000, Y: -0.401280
[99] - X: -1.000000, Y: -0.398640
[100] - X: -1.000000, Y: -0.396000
[101] - X: -1.000000, Y: -0.393360
[102] - X: -1.000000, Y: -0.390720
[103] - X: -1.000000, Y: -0.388080
[104] - X: -1.000000, Y: -0.385440
[105] - X: -1.000000, Y: -0.382800
[106] - X: -1.000000, Y: -0.380160
[107] - X: -1.000000, Y: -0.377520
[108] - X: -1.000000, Y: -0.374880
[109] - X: -1.000000, Y: -0.372240
[110] - X: -1.000000, Y: -0.369600
[111] - X: -1.000000, Y: -0.366960
[112] - X: -1.000000, Y: -0.364320
[113] - X: -1.000000, Y: -0.361680
[114] - X: -1.000000, Y: -0.359040
[115] - X: -1.000000, Y: -0.356400
[116] - X: -1.000000, Y: -0.353760
[117] - X: -1.000000, Y: -0.351120
[118] - X: -1.000000, Y: -0.348480
[119] - X: -1.000000, Y: -0.345840
[120] - X: -1.000000, Y: -0.343200
[121] - X: -1.000000, Y: -0.340560
[122] - X: -1.000000, Y: -0.337920
[123] - X: -1.000000, Y: -0.335280
[124] - X: -1.000000, Y: -0.332640
[125] - X: -1.000000, Y: -0.330000
[126] - X: -1.000000, Y: -0.327360
[127] - X: -1.000000, Y: -0.324720
[128] - X: -1.000000, Y: -0.322080
[129] - X: -1.000000, Y: -0.319440
[130] - X: -1.000000, Y: -0.316800
[131] - X: -1.000000, Y: -0.314160
[132] - X: -1.000000, Y: -0.311520
[133] - X: -1.000000, Y: -0.308880
[134] - X: -1.000000, Y: -0.306240
[135] - X: -1.000000, Y: -0.303600
[136] - X: -1.000000, Y: -0.300960
[137] - X: -1.000000, Y: -0.298320
[138] - X: -1.000000, Y: -0.295680
[139] - X: -1.000000, Y: -0.293040
[140] - X: -1.000000, Y: -0.290400
[141] - X: -1.000000, Y: -0.287760
[142] - X: -1.000000, Y: -0.285120
[143] - X: -1.000000, Y: -0.282480
[144] - X: -1.000000, Y: -0.279840
[145] - X: -1.000000, Y: -0.277200
[146] - X: -1.000000, Y: -0.274560
[147] - X: -1.000000, Y: -0.271920
[148] - X: -1.000000, Y: -0.269280
[149] - X: -1.000000, Y: -0.266640
[150] - X: -1.000000, Y: -0.264000
[151] - X: -1.000000, Y: -0.261360
[152] - X: -1.000000, Y: -0.258720
[153] - X: -1.000000, Y: -0.256080
[154] - X: -1.000000, Y: -0.253440
[155] - X: -1.000000, Y: -0.250800
[156] - X: -1.000000, Y: -0.248160
[157] - X: -1.000000, Y: -0.245520
[158] - X: -1.000000, Y: -0.242880
[159] - X: -1.000000, Y: -0.240240
[160] - X: -1.000000, Y: -0.237600
[161] - X: -1.000000, Y: -0.234960
[162] - X: -1.000000, Y: -0.232320
[163] - X: -1.000000, Y: -0.229680
[164] - X: -1.000000, Y: -0.227040
[165] - X: -1.000000, Y: -0.224400
[166] - X: -1.000000, Y: -0.221760
[167] - X: -1.000000, Y: -0.219120
[168] - X: -1.000000, Y: -0.216480
[169] - X: -1.000000, Y: -0.213840
[170] - X: -1.000000, Y: -0.211200
[171] - X: -1.000000, Y: -0.208560
[172] - X: -1.000000, Y: -0.205920
[173] - X: -1.000000, Y: -0.203280
[174] - X: -1.000000, Y: -0.200640
[175] - X: -1.000000, Y: -0.198000
[176] - X: -1.000000, Y: -0.195360
[177] - X: -1.000000, Y: -0.192720
[178] - X: -1.000000, Y: -0.190080
[179] - X: -1.000000, Y: -0.187440
[180] - X: -1.000000, Y: -0.184800
[181] - X: -1.000000, Y: -0.182160
[182] - X: -1.000000, Y: -0.179520
[183] - X: -1.000000, Y: -0.176880
[184] - X: -1.000000, Y: -0.174240
[185] - X: -1.000000, Y: -0.171600
[186] - X: -1.000000, Y: -0.168960
[187] - X: -1.000000, Y: -0.166320
[188] - X: -1.000000, Y: -0.163680
[189] - X: -1.000000, Y: -0.161040
[190] - X: -1.000000, Y: -0.158400
[191] - X: -1.000000, Y: -0.155760
[192] - X: -1.000000, Y: -0.153120
[193] - X: -1.000000, Y: -0.150480
[194] - X: -1.000000, Y: -0.147840
[195] - X: -1.000000, Y: -0.145200
[196] - X: -1.000000, Y: -0.142560
[197] - X: -1.000000, Y: -0.139920
[198] - X: -1.000000, Y: -0.137280
[199] - X: -1.000000, Y: -0.134640
[200] - X: -1.000000, Y: -0.132000
[201] - X: -1.000000, Y: -0.129360
[202] - X: -1.000000, Y: -0.126720
[203] - X: -1.000000, Y: -0.124080
[204] - X: -1.000000, Y: -0.121440
[205] - X: -1.000000, Y: -0.118800
[206] - X: -1.000000, Y: -0.116160
[207] - X: -1.000000, Y: -0.113520
[208] - X: -1.000000, Y: -0.110880
[209] - X: -1.000000, Y: -0.108240
[210] - X: -1.000000, Y: -0.105600
[211] - X: -1.000000, Y: -0.102960
[212] - X: -1.000000, Y: -0.100320
[213] - X: -1.000000, Y: -0.097680
[214] - X: -1.000000, Y: -0.095040
[215] - X: -1.000000, Y: -0.092400
[216] - X: -1.000000, Y: -0.089760
[217] - X: -1.000000, Y: -0.087120
[218] - X: -1.000000, Y: -0.084480
[219] - X: -1.000000, Y: -0.081840
[220] - X: -1.000000, Y: -0.079200
[221] - X: -1.000000, Y: -0.076560
[222] - X: -1.000000, Y: -0.073920
[223] - X: -1.000000, Y: -0.071280
[224] - X: -1.000000, Y: -0.068640
[225] - X: -1.000000, Y: -0.066000
[226] - X: -1.000000, Y: -0.063360
[227] - X: -1.000000, Y: -0.060720
[228] - X: -1.000000, Y: -0.058080
[229] - X: -1.000000, Y: -0.055440
[230] - X: -1.000000, Y: -0.052800
[231] - X: -1.000000, Y: -0.050160
[232] - X: -1.000000, Y: -0.047520
[233] - X: -1.000000, Y: -0.044880
[234] - X: -1.000000, Y: -0.042240
[235] - X: -1.000000, Y: -0.039600
[236] - X: -1.000000, Y: -0.036960
[237] - X: -1.000000, Y: -0.034320
[238] - X: -1.000000, Y: -0.031680
[239] - X: -1.000000, Y: -0.029040
[240] - X: -1.000000, Y: -0.026400
[241] - X: -1.000000, Y: -0.023760
[242] - X: -1.000000, Y: -0.021120
[243] - X: -1.000000, Y: -0.018480
[244] - X: -1.000000, Y: -0.015840
[245] - X: -1.000000, Y: -0.013200
[246] - X: -1.000000, Y: -0.010560
[247] - X: -1.000000, Y: -0.007920
[248] - X: -1.000000, Y: -0.005280
[249] - X: -1.000000, Y: -0.002640
[250] - X: -1.000000, Y: 0.000000
[251] - X: -1.000000, Y: 0.002640
[252] - X: -1.000000, Y: 0.005280
[253] - X: -1.000000, Y: 0.007920
[254] - X: -1.000000, Y: 0.010560
[255] - X: -1.000000, Y: 0.013200
[256] - X: -1.000000, Y: 0.015840
[257] - X: -1.000000, Y: 0.018480
[258] - X: -1.000000, Y: 0.021120
[259] - X: -1.000000, Y: 0.023760
[260] - X: -1.000000, Y: 0.026400
[261] - X: -1.000000, Y: 0.029040
[262] - X: -1.000000, Y: 0.031680
[263] - X: -1.000000, Y: 0.034320
[264] - X: -1.000000, Y: 0.036960
[265] - X: -1.000000, Y: 0.039600
[266] - X: -1.000000, Y: 0.042240
[267] - X: -1.000000, Y: 0.044880
[268] - X: -1.000000, Y: 0.047520
[269] - X: -1.000000, Y: 0.050160
[270] - X: -1.000000, Y: 0.052800
[271] - X: -1.000000, Y: 0.055440
[272] - X: -1.000000, Y: 0.058080
[273] - X: -1.000000, Y: 0.060720
[274] - X: -1.000000, Y: 0.063360
[275] - X: -1.000000, Y: 0.066000
[276] - X: -1.000000, Y: 0.068640
[277] - X: -1.000000, Y: 0.071280
[278] - X: -1.000000, Y: 0.073920
[279] - X: -1.000000, Y: 0.076560
[280] - X: -1.000000, Y: 0.079200
[281] - X: -1.000000, Y: 0.081840
[282] - X: -1.000000, Y: 0.084480
[283] - X: -1.000000, Y: 0.087120
[284] - X: -1.000000, Y: 0.089760
[285] - X: -1.000000, Y: 0.092400
[286] - X: -1.000000, Y: 0.095040
[287] - X: -1.000000, Y: 0.097680
[288] - X: -1.000000, Y: 0.100320
[289] - X: -1.000000, Y: 0.102960
[290] - X: -1.000000, Y: 0.105600
[291] - X: -1.000000, Y: 0.108240
[292] - X: -1.000000, Y: 0.110880
[293] - X: -1.000000, Y: 0.113520
[294] - X: -1.000000, Y: 0.116160
[295] - X: -1.000000, Y: 0.118800
[296] - X: -1.000000, Y: 0.121440
[297] - X: -1.000000, Y: 0.124080
[298] - X: -1.000000, Y: 0.126720
[299] - X: -1.000000, Y: 0.129360
[300] - X: -1.000000, Y: 0.132000
[301] - X: -1.000000, Y: 0.134640
[302] - X: -1.000000, Y: 0.137280
[303] - X: -1.000000, Y: 0.139920
[304] - X: -1.000000, Y: 0.142560
[305] - X: -1.000000, Y: 0.145200
[306] - X: -1.000000, Y: 0.147840
[307] - X: -1.000000, Y: 0.150480
[308] - X: -1.000000, Y: 0.153120
[309] - X: -1.000000, Y: 0.155760
[310] - X: -1.000000, Y: 0.158400
[311] - X: -1.000000, Y: 0.161040
[312] - X: -1.000000, Y: 0.163680
[313] - X: -1.000000, Y: 0.166320
[314] - X: -1.000000, Y: 0.168960
[315] - X: -1.000000, Y: 0.171600
[316] - X: -1.000000, Y: 0.174240
[317] - X: -1.000000, Y: 0.176880
[318] - X: -1.000000, Y: 0.179520
[319] - X: -1.000000, Y: 0.182160
[320] - X: -1.000000, Y: 0.184800
[321] - X: -1.000000, Y: 0.187440
[322] - X: -1.000000, Y: 0.190080
[323] - X: -1.000000, Y: 0.192720
[324] - X: -1.000000, Y: 0.195360
[325] - X: -1.000000, Y: 0.198000
[326] - X: -1.000000, Y: 0.200640
[327] - X: -1.000000, Y: 0.203280
[328] - X: -1.000000, Y: 0.205920
[329] - X: -1.000000, Y: 0.208560
[330] - X: -1.000000, Y: 0.211200
[331] - X: -1.000000, Y: 0.213840
[332] - X: -1.000000, Y: 0.216480
[333] - X: -1.000000, Y: 0.219120
[334] - X: -1.000000, Y: 0.221760
[335] - X: -1.000000, Y: 0.224400
[336] - X: -1.000000, Y: 0.227040
[337] - X: -1.000000, Y: 0.229680
[338] - X: -1.000000, Y: 0.232320
[339] - X: -1.000000, Y: 0.234960
[340] - X: -1.000000, Y: 0.237600
[341] - X: -1.000000, Y: 0.240240
[342] - X: -1.000000, Y: 0.242880
[343] - X: -1.000000, Y: 0.245520
[344] - X: -1.000000, Y: 0.248160
[345] - X: -1.000000, Y: 0.250800
[346] - X: -1.000000, Y: 0.253440
[347] - X: -1.000000, Y: 0.256080
[348] - X: -1.000000, Y: 0.258720
[349] - X: -1.000000, Y: 0.261360
[350] - X: -1.000000, Y: 0.264000
[351] - X: -1.000000, Y: 0.266640
[352] - X: -1.000000, Y: 0.269280
[353] - X: -1.000000, Y: 0.271920
[354] - X: -1.000000, Y: 0.274560
[355] - X: -1.000000, Y: 0.277200
[356] - X: -1.000000, Y: 0.279840
[357] - X: -1.000000, Y: 0.282480
[358] - X: -1.000000, Y: 0.285120
[359] - X: -1.000000, Y: 0.287760
[360] - X: -1.000000, Y: 0.290400
[361] - X: -1.000000, Y: 0.293040
[362] - X: -1.000000, Y: 0.295680
[363] - X: -1.000000, Y: 0.298320
[364] - X: -1.000000, Y: 0.300960
[365] - X: -1.000000, Y: 0.303600
[366] - X: -1.000000, Y: 0.306240
[367] - X: -1.000000, Y: 0.308880
[368] - X: -1.000000, Y: 0.311520
[369] - X: -1.000000, Y: 0.314160
[370] - X: -1.000000, Y: 0.316800
[371] - X: -1.000000, Y: 0.319440
[372] - X: -1.000000, Y: 0.322080
[373] - X: -1.000000, Y: 0.324720
[374] - X: -1.000000, Y: 0.327360
[375] - X: -1.000000, Y: 0.330000
[376] - X: -1.000000, Y: 0.332640
[377] - X: -1.000000, Y: 0.335280
[378] - X: -1.000000, Y: 0.337920
[379] - X: -1.000000, Y: 0.340560
[380] - X: -1.000000, Y: 0.343200
[381] - X: -1.000000, Y: 0.345840
[382] - X: -1.000000, Y: 0.348480
[383] - X: -1.000000, Y: 0.351120
[384] - X: -1.000000, Y: 0.353760
[385] - X: -1.000000, Y: 0.356400
[386] - X: -1.000000, Y: 0.359040
[387] - X: -1.000000, Y: 0.361680
[388] - X: -1.000000, Y: 0.364320
[389] - X: -1.000000, Y: 0.366960
[390] - X: -1.000000, Y: 0.369600
[391] - X: -1.000000, Y: 0.372240
[392] - X: -1.000000, Y: 0.374880
[393] - X: -1.000000, Y: 0.377520
[394] - X: -1.000000, Y: 0.380160
[395] - X: -1.000000, Y: 0.382800
[396] - X: -1.000000, Y: 0.385440
[397] - X: -1.000000, Y: 0.388080
[398] - X: -1.000000, Y: 0.390720
[399] - X: -1.000000, Y: 0.393360
[400] - X: -1.000000, Y: 0.396000
[401] - X: -1.000000, Y: 0.398640
[402] - X: -1.000000, Y: 0.401280
[403] - X: -1.000000, Y: 0.403920
[404] - X: -1.000000, Y: 0.406560
[405] - X: -1.000000, Y: 0.409200
[406] - X: -1.000000, Y: 0.411840
[407] - X: -1.000000, Y: 0.414480
[408] - X: -1.000000, Y: 0.417120
[409] - X: -1.000000, Y: 0.419760
[410] - X: -1.000000, Y: 0.422400
[411] - X: -1.000000, Y: 0.425040
[412] - X: -1.000000, Y: 0.427680
[413] - X: -1.000000, Y: 0.430320
[414] - X: -1.000000, Y: 0.432960
[415] - X: -1.000000, Y: 0.435600
[416] - X: -1.000000, Y: 0.438240
[417] - X: -1.000000, Y: 0.440880
[418] - X: -1.000000, Y: 0.443520
[419] - X: -1.000000, Y: 0.446160
[420] - X: -1.000000, Y: 0.448800
[421] - X: -1.000000, Y: 0.451440
[422] - X: -1.000000, Y: 0.454080
[423] - X: -1.000000, Y: 0.456720
[424] - X: -1.000000, Y: 0.459360
[425] - X: -1.000000, Y: 0.462000
[426] - X: -1.000000, Y: 0.464640
[427] - X: -1.000000, Y: 0.467280
[428] - X: -1.000000, Y: 0.469920
[429] - X: -1.000000, Y: 0.472560
[430] - X: -1.000000, Y: 0.475200
[431] - X: -1.000000, Y: 0.477840
[432] - X: -1.000000, Y: 0.480480
[433] - X: -1.000000, Y: 0.483120
[434] - X: -1.000000, Y: 0.485760
[435] - X: -1.000000, Y: 0.488400
[436] - X: -1.000000, Y: 0.491040
[437] - X: -1.000000, Y: 0.493680
[438] - X: -1.000000, Y: 0.496320
[439] - X: -1.000000, Y: 0.498960
[440] - X: -1.000000, Y: 0.501600
[441] - X: -1.000000, Y: 0.504240
[442] - X: -1.000000, Y: 0.506880
[443] - X: -1.000000, Y: 0.509520
[444] - X: -1.000000, Y: 0.512160
[445] - X: -1.000000, Y: 0.514800
[446] - X: -1.000000, Y: 0.517440
[447] - X: -1.000000, Y: 0.520080
[448] - X: -1.000000, Y: 0.522720
[449] - X: -1.000000, Y: 0.525360
[450] - X: -1.000000, Y: 0.528000
[451] - X: -1.000000, Y: 0.530640
[452] - X: -1.000000, Y: 0.533280
[453] - X: -1.000000, Y: 0.535920
[454] - X: -1.000000, Y: 0.538560
[455] - X: -1.000000, Y: 0.541200
[456] - X: -1.000000, Y: 0.543840
[457] - X: -1.000000, Y: 0.546480
[458] - X: -1.000000, Y: 0.549120
[459] - X: -1.000000, Y: 0.551760
[460] - X: -1.000000, Y: 0.554400
[461] - X: -1.000000, Y: 0.557040
[462] - X: -1.000000, Y: 0.559680
[463] - X: -1.000000, Y: 0.562320
[464] - X: -1.000000, Y: 0.564960
[465] - X: -1.000000, Y: 0.567600
[466] - X: -1.000000, Y: 0.570240
[467] - X: -1.000000, Y: 0.572880
[468] - X: -1.000000, Y: 0.575520
[469] - X: -1.000000, Y: 0.578160
[470] - X: -1.000000, Y: 0.580800
[471] - X: -1.000000, Y: 0.583440
[472] - X: -1.000000, Y: 0.586080
[473] - X: -1.000000, Y: 0.588720
[474] - X: -1.000000, Y: 0.591360
[475] - X: -1.000000, Y: 0.594000
[476] - X: -1.000000, Y: 0.596640
[477] - X: -1.000000, Y: 0.599280
[478] - X: -1.000000, Y: 0.601920
[479] - X: -1.000000, Y: 0.604560
[480] - X: -1.000000, Y: 0.607200
[481] - X: -1.000000, Y: 0.609840
[482] - X: -1.000000, Y: 0.612480
[483] - X: -1.000000, Y: 0.615120
[484] - X: -1.000000, Y: 0.617760
[485] - X: -1.000000, Y: 0.620400
[486] - X: -1.000000, Y: 0.623040
[487] - X: -1.000000, Y: 0.625680
[488] - X: -1.000000, Y: 0.628320
[489] - X: -1.000000, Y: 0.630960
[490] - X: -1.000000, Y: 0.633600
[491] - X: -1.000000, Y: 0.636240
[492] - X: -1.000000, Y: 0.638880
[493] - X: -1.000000, Y: 0.641520
[494] - X: -1.000000, Y: 0.644160
[495] - X: -1.000000, Y: 0.646800
[496] - X: -1.000000, Y: 0.649440
[497] - X: -1.000000, Y: 0.652080
[498] - X: -1.000000, Y: 0.654720
[499] - X: -1.000000, Y: 0.657360
[500] - X: -1.000000, Y: 0.660000
